\\mac\home\documents\code\soundtouch\source\soundtouch\debug\vc120.pdb
\\mac\home\documents\code\soundtouch\source\soundtouch\debug\vc120.idb
\\mac\home\documents\code\soundtouch\source\soundtouch\debug\aafilter.sbr
\\mac\home\documents\code\soundtouch\source\soundtouch\debug\cpu_detect_x86.sbr
\\mac\home\documents\code\soundtouch\source\soundtouch\debug\fifosamplebuffer.sbr
\\mac\home\documents\code\soundtouch\source\soundtouch\debug\firfilter.sbr
\\mac\home\documents\code\soundtouch\source\soundtouch\debug\interpolatecubic.sbr
\\mac\home\documents\code\soundtouch\source\soundtouch\debug\interpolatelinear.sbr
\\mac\home\documents\code\soundtouch\source\soundtouch\debug\interpolateshannon.sbr
\\mac\home\documents\code\soundtouch\source\soundtouch\debug\mmx_optimized.sbr
\\mac\home\documents\code\soundtouch\source\soundtouch\debug\ratetransposer.sbr
\\mac\home\documents\code\soundtouch\source\soundtouch\debug\soundtouch.sbr
\\mac\home\documents\code\soundtouch\source\soundtouch\debug\sse_optimized.sbr
\\mac\home\documents\code\soundtouch\source\soundtouch\debug\tdstretch.sbr
\\mac\home\documents\code\soundtouch\source\soundtouch\debug\bpmdetect.sbr
\\mac\home\documents\code\soundtouch\source\soundtouch\debug\peakfinder.sbr
\\mac\home\documents\code\soundtouch\source\soundtouch\debug\peakfinder.obj
\\mac\home\documents\code\soundtouch\source\soundtouch\debug\bpmdetect.obj
\\mac\home\documents\code\soundtouch\source\soundtouch\debug\tdstretch.obj
\\mac\home\documents\code\soundtouch\source\soundtouch\debug\sse_optimized.obj
\\mac\home\documents\code\soundtouch\source\soundtouch\debug\ratetransposer.obj
\\mac\home\documents\code\soundtouch\source\soundtouch\debug\mmx_optimized.obj
\\mac\home\documents\code\soundtouch\source\soundtouch\debug\interpolateshannon.obj
\\mac\home\documents\code\soundtouch\source\soundtouch\debug\interpolatelinear.obj
\\mac\home\documents\code\soundtouch\source\soundtouch\debug\interpolatecubic.obj
\\mac\home\documents\code\soundtouch\source\soundtouch\debug\firfilter.obj
\\mac\home\documents\code\soundtouch\source\soundtouch\debug\fifosamplebuffer.obj
\\mac\home\documents\code\soundtouch\source\soundtouch\debug\cpu_detect_x86.obj
\\mac\home\documents\code\soundtouch\source\soundtouch\debug\aafilter.obj
\\mac\home\documents\code\soundtouch\source\soundtouch\debug\
\\mac\home\documents\code\soundtouch\source\soundtouch\debug\soundtouch.tlog\cl.command.1.tlog
\\mac\home\documents\code\soundtouch\source\soundtouch\debug\soundtouch.tlog\cl.read.1.tlog
\\mac\home\documents\code\soundtouch\source\soundtouch\debug\soundtouch.tlog\cl.write.1.tlog
